<?xml version="1.0" encoding="UTF-8"?>
<!-- Generated by org.testng.reporters.JUnitReportReporter -->
<testsuite hostname="LAPTOP-CGUJBJB4" failures="0" tests="1" name="Pageobject.CheckoutTest" time="6.462" errors="0" timestamp="2024-03-09T15:04:54 IST" skipped="0">
  <testcase classname="Pageobject.CheckoutTest" name="checkout" time="6.462"/>
</testsuite> <!-- Pageobject.CheckoutTest -->
